0 info it worked if it ends with ok
1 verbose cli [ 'C:\\Program Files\\nodejs\\node.exe',
1 verbose cli   'C:\\Users\\myc\\AppData\\Roaming\\npm\\node_modules\\npm\\bin\\npm-cli.js',
1 verbose cli   'start' ]
2 info using npm@2.13.0
3 info using node@v4.4.2
4 verbose stack Error: Failed to parse json
4 verbose stack Trailing comma in object at 8:3
4 verbose stack   },
4 verbose stack   ^
4 verbose stack     at parseError (C:\Users\myc\AppData\Roaming\npm\node_modules\npm\node_modules\read-package-json\read-json.js:379:11)
4 verbose stack     at parseJson (C:\Users\myc\AppData\Roaming\npm\node_modules\npm\node_modules\read-package-json\read-json.js:68:23)
4 verbose stack     at C:\Users\myc\AppData\Roaming\npm\node_modules\npm\node_modules\read-package-json\read-json.js:48:5
4 verbose stack     at FSReqWrap.readFileAfterClose [as oncomplete] (evalmachine.<anonymous>:380:3)
5 verbose cwd C:\User\react-projects\react-test
6 error Windows_NT 6.2.9200
7 error argv "C:\\Program Files\\nodejs\\node.exe" "C:\\Users\\myc\\AppData\\Roaming\\npm\\node_modules\\npm\\bin\\npm-cli.js" "start"
8 error node v4.4.2
9 error npm  v2.13.0
10 error file C:\User\react-projects\react-test\package.json
11 error code EJSONPARSE
12 error Failed to parse json
12 error Trailing comma in object at 8:3
12 error   },
12 error   ^
13 error File: C:\User\react-projects\react-test\package.json
14 error Failed to parse package.json data.
14 error package.json must be actual JSON, not just JavaScript.
14 error
14 error This is not a bug in npm.
14 error Tell the package author to fix their package.json file. JSON.parse
15 verbose exit [ 1, true ]
